<?xml version="1.0" encoding="UTF-8"?>
<testng-results ignored="0" total="2" passed="2" failed="0" skipped="0">
  <reporter-output>
    <line>
      <![CDATA[Title matched]]>
    </line>
    <line>
      <![CDATA[Title matched]]>
    </line>
  </reporter-output>
  <suite started-at="2022-12-12T10:45:16 IST" name="amazonTest" finished-at="2022-12-12T10:45:39 IST" duration-ms="23169">
    <groups>
    </groups>
    <test started-at="2022-12-12T10:45:16 IST" name="Testonchrome" finished-at="2022-12-12T10:45:39 IST" duration-ms="23169">
      <class name="com.qa.testScripts.Tc_Exercise_05">
        <test-method is-config="true" signature="setUp(java.lang.String,java.lang.String)[pri:0, instance:com.qa.testScripts.Tc_Exercise_05@481a996b]" started-at="2022-12-12T10:45:16 IST" name="setUp" finished-at="2022-12-12T10:45:23 IST" duration-ms="7382" status="PASS">
          <params>
            <param index="0">
              <value>
                <![CDATA[chrome]]>
              </value>
            </param>
            <param index="1">
              <value>
                <![CDATA[https://www.amazon.in/]]>
              </value>
            </param>
          </params>
          <reporter-output>
          </reporter-output>
        </test-method> <!-- setUp -->
        <test-method signature="mobileSearch()[pri:0, instance:com.qa.testScripts.Tc_Exercise_05@481a996b]" started-at="2022-12-12T10:45:23 IST" name="mobileSearch" finished-at="2022-12-12T10:45:31 IST" duration-ms="8073" status="PASS">
          <reporter-output>
            <line>
              <![CDATA[Title matched]]>
            </line>
          </reporter-output>
        </test-method> <!-- mobileSearch -->
        <test-method signature="televisionSearch()[pri:0, instance:com.qa.testScripts.Tc_Exercise_05@481a996b]" started-at="2022-12-12T10:45:31 IST" name="televisionSearch" finished-at="2022-12-12T10:45:38 IST" duration-ms="7176" status="PASS">
          <reporter-output>
            <line>
              <![CDATA[Title matched]]>
            </line>
          </reporter-output>
        </test-method> <!-- televisionSearch -->
        <test-method is-config="true" signature="tearDown()[pri:0, instance:com.qa.testScripts.Tc_Exercise_05@481a996b]" started-at="2022-12-12T10:45:38 IST" name="tearDown" finished-at="2022-12-12T10:45:39 IST" duration-ms="259" status="PASS">
          <reporter-output>
          </reporter-output>
        </test-method> <!-- tearDown -->
      </class> <!-- com.qa.testScripts.Tc_Exercise_05 -->
    </test> <!-- Testonchrome -->
  </suite> <!-- amazonTest -->
</testng-results>
